[0m[[0m[0mdebug[0m] [0m[0m"not up to date. inChanged = true, force = false[0m
[0m[[0m[0mdebug[0m] [0m[0mUpdating ProjectRef(uri("file:/home/csoman/workspace/intern19/brownbag/project/"), "brownbag-build")...[0m
[0m[[0m[0minfo[0m] [0m[0mUpdating [0m
[0m[[0m[0minfo[0m] [0m[0mResolved  dependencies[0m
[0m[[0m[33mwarn[0m] [0m[0m[0m
[0m[[0m[33mwarn[0m] [0m[0m	Note: Some unresolved dependencies have extra attributes.  Check that these dependencies exist with the requested attributes.[0m
[0m[[0m[33mwarn[0m] [0m[0m		org.xerial.sbt:sbt-pack:0.8.2 (sbtVersion=1.0, scalaVersion=2.12)[0m
[0m[[0m[33mwarn[0m] [0m[0m		org.scalatra.sbt:scalatra-sbt:0.5.1 (sbtVersion=1.0, scalaVersion=2.12)[0m
[0m[[0m[33mwarn[0m] [0m[0m		com.typesafe.sbteclipse:sbteclipse-plugin:4.0.0 (sbtVersion=1.0, scalaVersion=2.12)[0m
[0m[[0m[33mwarn[0m] [0m[0m		org.scalatra.scalate:sbt-scalate-precompiler:1.8.0.1 (sbtVersion=1.0, scalaVersion=2.12)[0m
[0m[[0m[33mwarn[0m] [0m[0m		com.eed3si9n:sbt-assembly:0.14.3 (sbtVersion=1.0, scalaVersion=2.12)[0m
[0m[[0m[33mwarn[0m] [0m[0m[0m
[0m[[0m[33mwarn[0m] [0m[0m	Note: Unresolved dependencies path:[0m
[0m[[0m[31merror[0m] [0m[0msbt.librarymanagement.ResolveException: Error downloading org.xerial.sbt:sbt-pack;sbtVersion=1.0;scalaVersion=2.12:0.8.2[0m
[0m[[0m[31merror[0m] [0m[0m  Not found[0m
[0m[[0m[31merror[0m] [0m[0m  Not found[0m
[0m[[0m[31merror[0m] [0m[0m  not found: https://repo1.maven.org/maven2/org/xerial/sbt/sbt-pack_2.12_1.0/0.8.2/sbt-pack-0.8.2.pom[0m
[0m[[0m[31merror[0m] [0m[0m  not found: /home/csoman/.ivy2/local/org.xerial.sbt/sbt-pack/scala_2.12/sbt_1.0/0.8.2/ivys/ivy.xml[0m
[0m[[0m[31merror[0m] [0m[0m  not found: https://repo.scala-sbt.org/scalasbt/sbt-plugin-releases/org.xerial.sbt/sbt-pack/scala_2.12/sbt_1.0/0.8.2/ivys/ivy.xml[0m
[0m[[0m[31merror[0m] [0m[0m  not found: https://repo.typesafe.com/typesafe/ivy-releases/org.xerial.sbt/sbt-pack/scala_2.12/sbt_1.0/0.8.2/ivys/ivy.xml[0m
[0m[[0m[31merror[0m] [0m[0mError downloading org.scalatra.sbt:scalatra-sbt;sbtVersion=1.0;scalaVersion=2.12:0.5.1[0m
[0m[[0m[31merror[0m] [0m[0m  Not found[0m
[0m[[0m[31merror[0m] [0m[0m  Not found[0m
[0m[[0m[31merror[0m] [0m[0m  not found: https://repo1.maven.org/maven2/org/scalatra/sbt/scalatra-sbt_2.12_1.0/0.5.1/scalatra-sbt-0.5.1.pom[0m
[0m[[0m[31merror[0m] [0m[0m  not found: /home/csoman/.ivy2/local/org.scalatra.sbt/scalatra-sbt/scala_2.12/sbt_1.0/0.5.1/ivys/ivy.xml[0m
[0m[[0m[31merror[0m] [0m[0m  not found: https://repo.scala-sbt.org/scalasbt/sbt-plugin-releases/org.scalatra.sbt/scalatra-sbt/scala_2.12/sbt_1.0/0.5.1/ivys/ivy.xml[0m
[0m[[0m[31merror[0m] [0m[0m  not found: https://repo.typesafe.com/typesafe/ivy-releases/org.scalatra.sbt/scalatra-sbt/scala_2.12/sbt_1.0/0.5.1/ivys/ivy.xml[0m
[0m[[0m[31merror[0m] [0m[0mError downloading com.typesafe.sbteclipse:sbteclipse-plugin;sbtVersion=1.0;scalaVersion=2.12:4.0.0[0m
[0m[[0m[31merror[0m] [0m[0m  Not found[0m
[0m[[0m[31merror[0m] [0m[0m  Not found[0m
[0m[[0m[31merror[0m] [0m[0m  not found: https://repo1.maven.org/maven2/com/typesafe/sbteclipse/sbteclipse-plugin_2.12_1.0/4.0.0/sbteclipse-plugin-4.0.0.pom[0m
[0m[[0m[31merror[0m] [0m[0m  not found: /home/csoman/.ivy2/local/com.typesafe.sbteclipse/sbteclipse-plugin/scala_2.12/sbt_1.0/4.0.0/ivys/ivy.xml[0m
[0m[[0m[31merror[0m] [0m[0m  not found: https://repo.scala-sbt.org/scalasbt/sbt-plugin-releases/com.typesafe.sbteclipse/sbteclipse-plugin/scala_2.12/sbt_1.0/4.0.0/ivys/ivy.xml[0m
[0m[[0m[31merror[0m] [0m[0m  not found: https://repo.typesafe.com/typesafe/ivy-releases/com.typesafe.sbteclipse/sbteclipse-plugin/scala_2.12/sbt_1.0/4.0.0/ivys/ivy.xml[0m
[0m[[0m[31merror[0m] [0m[0mError downloading org.scalatra.scalate:sbt-scalate-precompiler;sbtVersion=1.0;scalaVersion=2.12:1.8.0.1[0m
[0m[[0m[31merror[0m] [0m[0m  Not found[0m
[0m[[0m[31merror[0m] [0m[0m  Not found[0m
[0m[[0m[31merror[0m] [0m[0m  not found: https://repo1.maven.org/maven2/org/scalatra/scalate/sbt-scalate-precompiler_2.12_1.0/1.8.0.1/sbt-scalate-precompiler-1.8.0.1.pom[0m
[0m[[0m[31merror[0m] [0m[0m  not found: /home/csoman/.ivy2/local/org.scalatra.scalate/sbt-scalate-precompiler/scala_2.12/sbt_1.0/1.8.0.1/ivys/ivy.xml[0m
[0m[[0m[31merror[0m] [0m[0m  not found: https://repo.scala-sbt.org/scalasbt/sbt-plugin-releases/org.scalatra.scalate/sbt-scalate-precompiler/scala_2.12/sbt_1.0/1.8.0.1/ivys/ivy.xml[0m
[0m[[0m[31merror[0m] [0m[0m  not found: https://repo.typesafe.com/typesafe/ivy-releases/org.scalatra.scalate/sbt-scalate-precompiler/scala_2.12/sbt_1.0/1.8.0.1/ivys/ivy.xml[0m
[0m[[0m[31merror[0m] [0m[0mError downloading com.eed3si9n:sbt-assembly;sbtVersion=1.0;scalaVersion=2.12:0.14.3[0m
[0m[[0m[31merror[0m] [0m[0m  Not found[0m
[0m[[0m[31merror[0m] [0m[0m  Not found[0m
[0m[[0m[31merror[0m] [0m[0m  not found: https://repo1.maven.org/maven2/com/eed3si9n/sbt-assembly_2.12_1.0/0.14.3/sbt-assembly-0.14.3.pom[0m
[0m[[0m[31merror[0m] [0m[0m  not found: /home/csoman/.ivy2/local/com.eed3si9n/sbt-assembly/scala_2.12/sbt_1.0/0.14.3/ivys/ivy.xml[0m
[0m[[0m[31merror[0m] [0m[0m  not found: https://repo.scala-sbt.org/scalasbt/sbt-plugin-releases/com.eed3si9n/sbt-assembly/scala_2.12/sbt_1.0/0.14.3/ivys/ivy.xml[0m
[0m[[0m[31merror[0m] [0m[0m  not found: https://repo.typesafe.com/typesafe/ivy-releases/com.eed3si9n/sbt-assembly/scala_2.12/sbt_1.0/0.14.3/ivys/ivy.xml[0m
[0m[[0m[31merror[0m] [0m[0m	at lmcoursier.CoursierDependencyResolution.unresolvedWarningOrThrow(CoursierDependencyResolution.scala:245)[0m
[0m[[0m[31merror[0m] [0m[0m	at lmcoursier.CoursierDependencyResolution.$anonfun$update$34(CoursierDependencyResolution.scala:214)[0m
[0m[[0m[31merror[0m] [0m[0m	at scala.util.Either$LeftProjection.map(Either.scala:573)[0m
[0m[[0m[31merror[0m] [0m[0m	at lmcoursier.CoursierDependencyResolution.update(CoursierDependencyResolution.scala:214)[0m
[0m[[0m[31merror[0m] [0m[0m	at sbt.librarymanagement.DependencyResolution.update(DependencyResolution.scala:60)[0m
[0m[[0m[31merror[0m] [0m[0m	at sbt.internal.LibraryManagement$.resolve$1(LibraryManagement.scala:52)[0m
[0m[[0m[31merror[0m] [0m[0m	at sbt.internal.LibraryManagement$.$anonfun$cachedUpdate$12(LibraryManagement.scala:102)[0m
[0m[[0m[31merror[0m] [0m[0m	at sbt.util.Tracked$.$anonfun$lastOutput$1(Tracked.scala:69)[0m
[0m[[0m[31merror[0m] [0m[0m	at sbt.internal.LibraryManagement$.$anonfun$cachedUpdate$20(LibraryManagement.scala:115)[0m
[0m[[0m[31merror[0m] [0m[0m	at scala.util.control.Exception$Catch.apply(Exception.scala:228)[0m
[0m[[0m[31merror[0m] [0m[0m	at sbt.internal.LibraryManagement$.$anonfun$cachedUpdate$11(LibraryManagement.scala:115)[0m
[0m[[0m[31merror[0m] [0m[0m	at sbt.internal.LibraryManagement$.$anonfun$cachedUpdate$11$adapted(LibraryManagement.scala:96)[0m
[0m[[0m[31merror[0m] [0m[0m	at sbt.util.Tracked$.$anonfun$inputChanged$1(Tracked.scala:150)[0m
[0m[[0m[31merror[0m] [0m[0m	at sbt.internal.LibraryManagement$.cachedUpdate(LibraryManagement.scala:129)[0m
[0m[[0m[31merror[0m] [0m[0m	at sbt.Classpaths$.$anonfun$updateTask0$5(Defaults.scala:2909)[0m
[0m[[0m[31merror[0m] [0m[0m	at scala.Function1.$anonfun$compose$1(Function1.scala:49)[0m
[0m[[0m[31merror[0m] [0m[0m	at sbt.internal.util.$tilde$greater.$anonfun$$u2219$1(TypeFunctions.scala:62)[0m
[0m[[0m[31merror[0m] [0m[0m	at sbt.std.Transform$$anon$4.work(Transform.scala:67)[0m
[0m[[0m[31merror[0m] [0m[0m	at sbt.Execute.$anonfun$submit$2(Execute.scala:280)[0m
[0m[[0m[31merror[0m] [0m[0m	at sbt.internal.util.ErrorHandling$.wideConvert(ErrorHandling.scala:19)[0m
[0m[[0m[31merror[0m] [0m[0m	at sbt.Execute.work(Execute.scala:289)[0m
[0m[[0m[31merror[0m] [0m[0m	at sbt.Execute.$anonfun$submit$1(Execute.scala:280)[0m
[0m[[0m[31merror[0m] [0m[0m	at sbt.ConcurrentRestrictions$$anon$4.$anonfun$submitValid$1(ConcurrentRestrictions.scala:178)[0m
[0m[[0m[31merror[0m] [0m[0m	at sbt.CompletionService$$anon$2.call(CompletionService.scala:37)[0m
[0m[[0m[31merror[0m] [0m[0m	at java.util.concurrent.FutureTask.run(FutureTask.java:266)[0m
[0m[[0m[31merror[0m] [0m[0m	at java.util.concurrent.Executors$RunnableAdapter.call(Executors.java:511)[0m
[0m[[0m[31merror[0m] [0m[0m	at java.util.concurrent.FutureTask.run(FutureTask.java:266)[0m
[0m[[0m[31merror[0m] [0m[0m	at java.util.concurrent.ThreadPoolExecutor.runWorker(ThreadPoolExecutor.java:1149)[0m
[0m[[0m[31merror[0m] [0m[0m	at java.util.concurrent.ThreadPoolExecutor$Worker.run(ThreadPoolExecutor.java:624)[0m
[0m[[0m[31merror[0m] [0m[0m	at java.lang.Thread.run(Thread.java:748)[0m
[0m[[0m[31merror[0m] [0m[0m([31mupdate[0m) sbt.librarymanagement.ResolveException: Error downloading org.xerial.sbt:sbt-pack;sbtVersion=1.0;scalaVersion=2.12:0.8.2[0m
[0m[[0m[31merror[0m] [0m[0m  Not found[0m
[0m[[0m[31merror[0m] [0m[0m  Not found[0m
[0m[[0m[31merror[0m] [0m[0m  not found: https://repo1.maven.org/maven2/org/xerial/sbt/sbt-pack_2.12_1.0/0.8.2/sbt-pack-0.8.2.pom[0m
[0m[[0m[31merror[0m] [0m[0m  not found: /home/csoman/.ivy2/local/org.xerial.sbt/sbt-pack/scala_2.12/sbt_1.0/0.8.2/ivys/ivy.xml[0m
[0m[[0m[31merror[0m] [0m[0m  not found: https://repo.scala-sbt.org/scalasbt/sbt-plugin-releases/org.xerial.sbt/sbt-pack/scala_2.12/sbt_1.0/0.8.2/ivys/ivy.xml[0m
[0m[[0m[31merror[0m] [0m[0m  not found: https://repo.typesafe.com/typesafe/ivy-releases/org.xerial.sbt/sbt-pack/scala_2.12/sbt_1.0/0.8.2/ivys/ivy.xml[0m
[0m[[0m[31merror[0m] [0m[0mError downloading org.scalatra.sbt:scalatra-sbt;sbtVersion=1.0;scalaVersion=2.12:0.5.1[0m
[0m[[0m[31merror[0m] [0m[0m  Not found[0m
[0m[[0m[31merror[0m] [0m[0m  Not found[0m
[0m[[0m[31merror[0m] [0m[0m  not found: https://repo1.maven.org/maven2/org/scalatra/sbt/scalatra-sbt_2.12_1.0/0.5.1/scalatra-sbt-0.5.1.pom[0m
[0m[[0m[31merror[0m] [0m[0m  not found: /home/csoman/.ivy2/local/org.scalatra.sbt/scalatra-sbt/scala_2.12/sbt_1.0/0.5.1/ivys/ivy.xml[0m
[0m[[0m[31merror[0m] [0m[0m  not found: https://repo.scala-sbt.org/scalasbt/sbt-plugin-releases/org.scalatra.sbt/scalatra-sbt/scala_2.12/sbt_1.0/0.5.1/ivys/ivy.xml[0m
[0m[[0m[31merror[0m] [0m[0m  not found: https://repo.typesafe.com/typesafe/ivy-releases/org.scalatra.sbt/scalatra-sbt/scala_2.12/sbt_1.0/0.5.1/ivys/ivy.xml[0m
[0m[[0m[31merror[0m] [0m[0mError downloading com.typesafe.sbteclipse:sbteclipse-plugin;sbtVersion=1.0;scalaVersion=2.12:4.0.0[0m
[0m[[0m[31merror[0m] [0m[0m  Not found[0m
[0m[[0m[31merror[0m] [0m[0m  Not found[0m
[0m[[0m[31merror[0m] [0m[0m  not found: https://repo1.maven.org/maven2/com/typesafe/sbteclipse/sbteclipse-plugin_2.12_1.0/4.0.0/sbteclipse-plugin-4.0.0.pom[0m
[0m[[0m[31merror[0m] [0m[0m  not found: /home/csoman/.ivy2/local/com.typesafe.sbteclipse/sbteclipse-plugin/scala_2.12/sbt_1.0/4.0.0/ivys/ivy.xml[0m
[0m[[0m[31merror[0m] [0m[0m  not found: https://repo.scala-sbt.org/scalasbt/sbt-plugin-releases/com.typesafe.sbteclipse/sbteclipse-plugin/scala_2.12/sbt_1.0/4.0.0/ivys/ivy.xml[0m
[0m[[0m[31merror[0m] [0m[0m  not found: https://repo.typesafe.com/typesafe/ivy-releases/com.typesafe.sbteclipse/sbteclipse-plugin/scala_2.12/sbt_1.0/4.0.0/ivys/ivy.xml[0m
[0m[[0m[31merror[0m] [0m[0mError downloading org.scalatra.scalate:sbt-scalate-precompiler;sbtVersion=1.0;scalaVersion=2.12:1.8.0.1[0m
[0m[[0m[31merror[0m] [0m[0m  Not found[0m
[0m[[0m[31merror[0m] [0m[0m  Not found[0m
[0m[[0m[31merror[0m] [0m[0m  not found: https://repo1.maven.org/maven2/org/scalatra/scalate/sbt-scalate-precompiler_2.12_1.0/1.8.0.1/sbt-scalate-precompiler-1.8.0.1.pom[0m
[0m[[0m[31merror[0m] [0m[0m  not found: /home/csoman/.ivy2/local/org.scalatra.scalate/sbt-scalate-precompiler/scala_2.12/sbt_1.0/1.8.0.1/ivys/ivy.xml[0m
[0m[[0m[31merror[0m] [0m[0m  not found: https://repo.scala-sbt.org/scalasbt/sbt-plugin-releases/org.scalatra.scalate/sbt-scalate-precompiler/scala_2.12/sbt_1.0/1.8.0.1/ivys/ivy.xml[0m
[0m[[0m[31merror[0m] [0m[0m  not found: https://repo.typesafe.com/typesafe/ivy-releases/org.scalatra.scalate/sbt-scalate-precompiler/scala_2.12/sbt_1.0/1.8.0.1/ivys/ivy.xml[0m
[0m[[0m[31merror[0m] [0m[0mError downloading com.eed3si9n:sbt-assembly;sbtVersion=1.0;scalaVersion=2.12:0.14.3[0m
[0m[[0m[31merror[0m] [0m[0m  Not found[0m
[0m[[0m[31merror[0m] [0m[0m  Not found[0m
[0m[[0m[31merror[0m] [0m[0m  not found: https://repo1.maven.org/maven2/com/eed3si9n/sbt-assembly_2.12_1.0/0.14.3/sbt-assembly-0.14.3.pom[0m
[0m[[0m[31merror[0m] [0m[0m  not found: /home/csoman/.ivy2/local/com.eed3si9n/sbt-assembly/scala_2.12/sbt_1.0/0.14.3/ivys/ivy.xml[0m
[0m[[0m[31merror[0m] [0m[0m  not found: https://repo.scala-sbt.org/scalasbt/sbt-plugin-releases/com.eed3si9n/sbt-assembly/scala_2.12/sbt_1.0/0.14.3/ivys/ivy.xml[0m
[0m[[0m[31merror[0m] [0m[0m  not found: https://repo.typesafe.com/typesafe/ivy-releases/com.eed3si9n/sbt-assembly/scala_2.12/sbt_1.0/0.14.3/ivys/ivy.xml[0m
